frontend/modules/file-scanner/android/build/intermediates/manifest_merge_blame_file/release/processReleaseManifest/manifest-merger-blame-release-report.txt
1<?xml version="1.0" encoding="utf-8"?>
2<manifest xmlns:android="http://schemas.android.com/apk/res/android"
3    xmlns:tools="http://schemas.android.com/tools"
4    package="expo.modules.filescanner" >
5
6    <uses-sdk android:minSdkVersion="24" />
7
8    <uses-permission
8-->src/main/AndroidManifest.xml:5:5-111
9        android:name="android.permission.MANAGE_EXTERNAL_STORAGE"
9-->src/main/AndroidManifest.xml:5:22-79
10        tools:ignore="ScopedStorage" />
10-->src/main/AndroidManifest.xml:5:80-108
11    <uses-permission android:name="android.permission.READ_EXTERNAL_STORAGE" />
11-->src/main/AndroidManifest.xml:7:5-79
11-->src/main/AndroidManifest.xml:7:22-77
12
13</manifest>